Build started 2/07/2011 9:43:12 PM.
     1>Project "C:\Users\Greenie\Documents\Visual Studio 2010\Projects\comtest\comtest\comtest.vcxproj" on node 2 (build target(s)).
     1>InitializeBuildStatus:
         Touching "Debug\comtest.unsuccessfulbuild".
       ClCompile:
         All outputs are up-to-date.
         c:\Program Files (x86)\Microsoft Visual Studio 10.0\VC\bin\CL.exe /c /ZI /nologo /W3 /WX- /Od /Oy- /D WIN32 /D _DEBUG /D _WINDOWS /D _USRDLL /D COMTEST_EXPORTS /D _WINDLL /D _UNICODE /D UNICODE /Gm /EHsc /RTC1 /MDd /GS /fp:precise /Zc:wchar_t /Zc:forScope /Yu"StdAfx.h" /Fp"Debug\comtest.pch" /Fo"Debug\\" /Fd"Debug\vc100.pdb" /Gd /TP /analyze- /errorReport:prompt comtest.cpp
         comtest.cpp
     1>c:\users\greenie\documents\visual studio 2010\projects\comtest\comtest\comtest.cpp(9): error C2259: 'ComTest' : cannot instantiate abstract class
                 due to following members:
                 'HRESULT ComTestBase::QueryInterface(const IID &,void **) throw()' : is abstract
                 c:\users\greenie\documents\visual studio 2010\projects\comtest\comtest\comtest.h(30) : see declaration of 'ComTestBase::QueryInterface'
                 'ULONG ComTestBase::AddRef(void) throw()' : is abstract
                 c:\users\greenie\documents\visual studio 2010\projects\comtest\comtest\comtest.h(30) : see declaration of 'ComTestBase::AddRef'
                 'ULONG ComTestBase::Release(void) throw()' : is abstract
                 c:\users\greenie\documents\visual studio 2010\projects\comtest\comtest\comtest.h(30) : see declaration of 'ComTestBase::Release'
     1>c:\users\greenie\documents\visual studio 2010\projects\comtest\comtest\comtest.cpp(9): error C2556: 'ComTestBase::ComTestBase(void)' : overloaded function differs only by return type from 'ComTestBase::ComTestBase(void)'
                 c:\users\greenie\documents\visual studio 2010\projects\comtest\comtest\comtest.h(21) : see declaration of 'ComTestBase::ComTestBase'
     1>c:\users\greenie\documents\visual studio 2010\projects\comtest\comtest\comtest.h(39): error C2065: 'IDR_COMTEST' : undeclared identifier
     1>Done Building Project "C:\Users\Greenie\Documents\Visual Studio 2010\Projects\comtest\comtest\comtest.vcxproj" (build target(s)) -- FAILED.

Build FAILED.

Time Elapsed 00:00:02.95
